<?xml version="1.0" encoding="UTF-8"?>
<!-- Generated by org.testng.reporters.JUnitXMLReporter -->
<testsuite ignored="0" hostname="Telus" failures="0" tests="3" name="Chrome Browser" time="32.787" errors="0" timestamp="2023-03-21T06:52:33 IST">
  <testcase classname="com.telus.registerdemo.RegisterDemoFlow" name="navigateToRegisterDemoScreen" time="1.509"/>
  <testcase classname="com.telus.registerdemo.RegisterDemoFlow" name="registerUser" time="9.882"/>
  <testcase classname="com.telus.registerdemo.RegisterDemoFlow" name="validateSuccessfulMessage" time="0.038"/>
</testsuite> <!-- Chrome Browser -->
