<?xml version="1.0" encoding="UTF-8"?>
<testsuite xmlns:xsi="http://www.w3.org/2001/XMLSchema-instance" xsi:noNamespaceSchemaLocation="https://maven.apache.org/surefire/maven-surefire-plugin/xsd/surefire-test-report.xsd" name="TestSuite" time="34.339" tests="3" errors="0" skipped="0" failures="0">
  <properties>
[...]
</properties>
  <testcase name="navigateToRegisterDemoScreen" classname="com.telus.registerdemo.RegisterDemoFlow" time="1.512"/>
  <testcase name="registerUser" classname="com.telus.registerdemo.RegisterDemoFlow" time="9.878"/>
  <testcase name="validateSuccessfulMessage" classname="com.telus.registerdemo.RegisterDemoFlow" time="0.038"/>
</testsuite>