<?xml version="1.0" encoding="UTF-8"?>
<!-- Generated by org.testng.reporters.JUnitXMLReporter -->
<testsuite ignored="0" hostname="Telus" failures="0" tests="3" name="Chrome Browser" time="17.532" errors="0" timestamp="2023-03-21T06:39:30 IST">
  <testcase classname="com.telus.registerdemo.RegisterDemoFlow" name="navigateToRegisterDemoScreen" time="1.386"/>
  <testcase classname="com.telus.registerdemo.RegisterDemoFlow" name="registerUser" time="8.565"/>
  <testcase classname="com.telus.registerdemo.RegisterDemoFlow" name="validateSuccessfulMessage" time="0.043"/>
</testsuite> <!-- Chrome Browser -->
